<?xml version="1.0" encoding="UTF-8"?>
<!-- Generated by org.testng.reporters.JUnitXMLReporter -->
<testsuite ignored="2" hostname="LAPTOP-IU0714GQ" failures="0" tests="1" name="Test" time="8.702" errors="0" timestamp="2021-12-29T12:25:45 IST">
  <testcase classname="com.TestCase.TC_LoginTest_001" name="loginTest" time="1.739"/>
  <testcase classname="com.TestCase.BaseClass" name="@AfterTest tearDown" time="0.0">
    <ignored/>
  </testcase> <!-- @AfterTest tearDown -->
  <testcase classname="com.TestCase.BaseClass" name="@BeforeTest setup" time="0.0">
    <ignored/>
  </testcase> <!-- @BeforeTest setup -->
</testsuite> <!-- Test -->
