<?xml version="1.0" encoding="UTF-8"?>
<!-- Generated by org.testng.reporters.JUnitXMLReporter -->
<testsuite hostname="GOD" ignored="4" name="Test" tests="3" failures="0" timestamp="2023-02-02T13:35:10 IST" time="0.068" errors="0">
  <testcase name="@BeforeTest setup" time="0.013" classname="com.TestCase.BaseClass">
    <failure type="java.lang.NoClassDefFoundError" message="io/github/bonigarcia/wdm/WebDriverManager">
      <![CDATA[java.lang.NoClassDefFoundError: io/github/bonigarcia/wdm/WebDriverManager
at com.TestCase.BaseClass.setup(BaseClass.java:28)
Caused by: java.lang.ClassNotFoundException: io.github.bonigarcia.wdm.WebDriverManager
at java.net.URLClassLoader.findClass(URLClassLoader.java:382)
at java.lang.ClassLoader.loadClass(ClassLoader.java:424)
at sun.misc.Launcher$AppClassLoader.loadClass(Launcher.java:349)
at java.lang.ClassLoader.loadClass(ClassLoader.java:357)
... 25 more
... Removed 24 stack frames]]>
    </failure>
  </testcase> <!-- @BeforeTest setup -->
  <testcase name="@AfterTest tearDown" time="-1.675325110644E9" classname="com.TestCase.BaseClass">
    <skipped/>
  </testcase> <!-- @AfterTest tearDown -->
  <testcase name="EditCustomerlogin" time="0.0" classname="com.TestCase.TC_EditCustomer_003">
    <skipped/>
  </testcase> <!-- EditCustomerlogin -->
  <testcase name="NewCustomer" time="0.0" classname="com.TestCase.TC_LoginTest_002">
    <skipped/>
  </testcase> <!-- NewCustomer -->
  <testcase name="loginTest" time="0.0" classname="com.TestCase.TC_LoginTest_001">
    <skipped/>
  </testcase> <!-- loginTest -->
  <testcase name="@AfterTest tearDown" time="0.0" classname="com.TestCase.BaseClass">
    <ignored/>
  </testcase> <!-- @AfterTest tearDown -->
  <testcase name="@AfterTest tearDown" time="0.0" classname="com.TestCase.BaseClass">
    <ignored/>
  </testcase> <!-- @AfterTest tearDown -->
  <testcase name="@BeforeTest setup" time="0.0" classname="com.TestCase.BaseClass">
    <ignored/>
  </testcase> <!-- @BeforeTest setup -->
  <testcase name="@BeforeTest setup" time="0.0" classname="com.TestCase.BaseClass">
    <ignored/>
  </testcase> <!-- @BeforeTest setup -->
</testsuite> <!-- Test -->
