<?xml version="1.0" encoding="UTF-8"?>
<testng-results ignored="0" total="1" passed="1" failed="0" skipped="0">
  <reporter-output>
  </reporter-output>
  <suite started-at="2021-12-30T17:58:14 IST" name="Default suite" finished-at="2021-12-30T17:58:25 IST" duration-ms="11314">
    <groups>
    </groups>
    <test started-at="2021-12-30T17:58:14 IST" name="Default test" finished-at="2021-12-30T17:58:25 IST" duration-ms="11314">
      <class name="com.TestCase.TC_LoginTest_001">
        <test-method is-config="true" signature="setup()[pri:0, instance:com.TestCase.TC_LoginTest_001@6aba2b86]" started-at="2021-12-30T17:58:14 IST" name="setup" finished-at="2021-12-30T17:58:24 IST" duration-ms="10588" status="PASS">
          <reporter-output>
          </reporter-output>
        </test-method> <!-- setup -->
        <test-method signature="loginTest()[pri:0, instance:com.TestCase.TC_LoginTest_001@6aba2b86]" started-at="2021-12-30T17:58:24 IST" name="loginTest" finished-at="2021-12-30T17:58:24 IST" duration-ms="15" status="PASS">
          <reporter-output>
          </reporter-output>
        </test-method> <!-- loginTest -->
        <test-method is-config="true" signature="tearDown()[pri:0, instance:com.TestCase.TC_LoginTest_001@6aba2b86]" started-at="2021-12-30T17:58:24 IST" name="tearDown" finished-at="2021-12-30T17:58:25 IST" duration-ms="671" status="PASS">
          <reporter-output>
          </reporter-output>
        </test-method> <!-- tearDown -->
      </class> <!-- com.TestCase.TC_LoginTest_001 -->
    </test> <!-- Default test -->
  </suite> <!-- Default suite -->
</testng-results>
